[01-Feb-2019 22:17:57 UTC] PHP Warning:  require(/home/canvasdev/public_html/canvasrequest/vendor/composer/../symfony/polyfill-php72/bootstrap.php): failed to open stream: No such file or directory in /home/canvasdev/public_html/canvasrequest/vendor/composer/autoload_real.php on line 66
[01-Feb-2019 22:17:57 UTC] PHP Fatal error:  require(): Failed opening required '/home/canvasdev/public_html/canvasrequest/vendor/composer/../symfony/polyfill-php72/bootstrap.php' (include_path='.:/opt/cpanel/ea-php70/root/usr/share/pear') in /home/canvasdev/public_html/canvasrequest/vendor/composer/autoload_real.php on line 66
[01-Feb-2019 22:18:12 UTC] PHP Warning:  require(/home/canvasdev/public_html/canvasrequest/vendor/composer/../symfony/polyfill-php72/bootstrap.php): failed to open stream: No such file or directory in /home/canvasdev/public_html/canvasrequest/vendor/composer/autoload_real.php on line 66
[01-Feb-2019 22:18:12 UTC] PHP Fatal error:  require(): Failed opening required '/home/canvasdev/public_html/canvasrequest/vendor/composer/../symfony/polyfill-php72/bootstrap.php' (include_path='.:/opt/cpanel/ea-php70/root/usr/share/pear') in /home/canvasdev/public_html/canvasrequest/vendor/composer/autoload_real.php on line 66
[01-Feb-2019 22:18:21 UTC] PHP Warning:  require(/home/canvasdev/public_html/canvasrequest/vendor/composer/../symfony/polyfill-php72/bootstrap.php): failed to open stream: No such file or directory in /home/canvasdev/public_html/canvasrequest/vendor/composer/autoload_real.php on line 66
[01-Feb-2019 22:18:21 UTC] PHP Fatal error:  require(): Failed opening required '/home/canvasdev/public_html/canvasrequest/vendor/composer/../symfony/polyfill-php72/bootstrap.php' (include_path='.:/opt/cpanel/ea-php70/root/usr/share/pear') in /home/canvasdev/public_html/canvasrequest/vendor/composer/autoload_real.php on line 66
[01-Feb-2019 22:18:40 UTC] PHP Warning:  require(/home/canvasdev/public_html/canvasrequest/vendor/composer/../symfony/polyfill-php72/bootstrap.php): failed to open stream: No such file or directory in /home/canvasdev/public_html/canvasrequest/vendor/composer/autoload_real.php on line 66
[01-Feb-2019 22:18:40 UTC] PHP Fatal error:  require(): Failed opening required '/home/canvasdev/public_html/canvasrequest/vendor/composer/../symfony/polyfill-php72/bootstrap.php' (include_path='.:/opt/cpanel/ea-php70/root/usr/share/pear') in /home/canvasdev/public_html/canvasrequest/vendor/composer/autoload_real.php on line 66
[01-Feb-2019 22:19:25 UTC] PHP Warning:  require(/home/canvasdev/public_html/canvasrequest/vendor/composer/../symfony/polyfill-php72/bootstrap.php): failed to open stream: No such file or directory in /home/canvasdev/public_html/canvasrequest/vendor/composer/autoload_real.php on line 66
[01-Feb-2019 22:19:25 UTC] PHP Fatal error:  require(): Failed opening required '/home/canvasdev/public_html/canvasrequest/vendor/composer/../symfony/polyfill-php72/bootstrap.php' (include_path='.:/opt/cpanel/ea-php70/root/usr/share/pear') in /home/canvasdev/public_html/canvasrequest/vendor/composer/autoload_real.php on line 66
[01-Feb-2019 22:20:51 UTC] PHP Warning:  require(/home/canvasdev/public_html/canvasrequest/vendor/composer/../symfony/polyfill-php72/bootstrap.php): failed to open stream: No such file or directory in /home/canvasdev/public_html/canvasrequest/vendor/composer/autoload_real.php on line 66
[01-Feb-2019 22:20:51 UTC] PHP Fatal error:  require(): Failed opening required '/home/canvasdev/public_html/canvasrequest/vendor/composer/../symfony/polyfill-php72/bootstrap.php' (include_path='.:/opt/cpanel/ea-php70/root/usr/share/pear') in /home/canvasdev/public_html/canvasrequest/vendor/composer/autoload_real.php on line 66
[04-Feb-2019 17:26:53 UTC] PHP Warning:  require(/home/canvasdev/public_html/canvasrequest/vendor/composer/../psy/psysh/src/functions.php): failed to open stream: No such file or directory in /home/canvasdev/public_html/canvasrequest/vendor/composer/autoload_real.php on line 66
[04-Feb-2019 17:26:53 UTC] PHP Fatal error:  require(): Failed opening required '/home/canvasdev/public_html/canvasrequest/vendor/composer/../psy/psysh/src/functions.php' (include_path='.:/opt/cpanel/ea-php72/root/usr/share/pear') in /home/canvasdev/public_html/canvasrequest/vendor/composer/autoload_real.php on line 66
[04-Feb-2019 17:27:01 UTC] PHP Warning:  require(/home/canvasdev/public_html/canvasrequest/vendor/composer/../psy/psysh/src/functions.php): failed to open stream: No such file or directory in /home/canvasdev/public_html/canvasrequest/vendor/composer/autoload_real.php on line 66
[04-Feb-2019 17:27:01 UTC] PHP Fatal error:  require(): Failed opening required '/home/canvasdev/public_html/canvasrequest/vendor/composer/../psy/psysh/src/functions.php' (include_path='.:/opt/cpanel/ea-php72/root/usr/share/pear') in /home/canvasdev/public_html/canvasrequest/vendor/composer/autoload_real.php on line 66
[04-Feb-2019 17:29:39 UTC] PHP Warning:  require(/home/canvasdev/public_html/canvasrequest/vendor/composer/../psy/psysh/src/functions.php): failed to open stream: No such file or directory in /home/canvasdev/public_html/canvasrequest/vendor/composer/autoload_real.php on line 66
[04-Feb-2019 17:29:39 UTC] PHP Fatal error:  require(): Failed opening required '/home/canvasdev/public_html/canvasrequest/vendor/composer/../psy/psysh/src/functions.php' (include_path='.:/opt/cpanel/ea-php72/root/usr/share/pear') in /home/canvasdev/public_html/canvasrequest/vendor/composer/autoload_real.php on line 66
[04-Feb-2019 17:31:01 UTC] PHP Warning:  Uncaught ErrorException: require(/home/canvasdev/public_html/canvasrequest/vendor/composer/../psy/psysh/src/functions.php): failed to open stream: No such file or directory in /home/canvasdev/public_html/canvasrequest/vendor/composer/autoload_real.php:66
Stack trace:
#0 /home/canvasdev/public_html/canvasrequest/vendor/composer/autoload_real.php(66): Composer\Util\ErrorHandler::handle(2, 'require(/home/c...', '/home/canvasdev...', 66, Array)
#1 /home/canvasdev/public_html/canvasrequest/vendor/composer/autoload_real.php(66): require()
#2 /home/canvasdev/public_html/canvasrequest/vendor/composer/autoload_real.php(56): composerRequire675f276e7c530cac938dc780d644239e('801c31d8ed748cf...', '/home/canvasdev...')
#3 /home/canvasdev/public_html/canvasrequest/vendor/autoload.php(7): ComposerAutoloaderInit675f276e7c530cac938dc780d644239e::getLoader()
#4 /home/canvasdev/public_html/canvasrequest/vendor/laravel/framework/src/Illuminate/Foundation/ComposerScripts.php(43): require_once('/home/canvasdev...')
#5 phar:///usr/l in /home/canvasdev/public_html/canvasrequest/vendor/composer/autoload_real.php on line 66
[04-Feb-2019 17:31:01 UTC] PHP Fatal error:  composerRequire675f276e7c530cac938dc780d644239e(): Failed opening required '/home/canvasdev/public_html/canvasrequest/vendor/composer/../psy/psysh/src/functions.php' (include_path='.:/opt/cpanel/ea-php72/root/usr/share/pear') in /home/canvasdev/public_html/canvasrequest/vendor/composer/autoload_real.php on line 66
[04-Feb-2019 17:33:26 UTC] PHP Warning:  Uncaught ErrorException: require(/home/canvasdev/public_html/canvasrequest/vendor/composer/../psy/psysh/src/functions.php): failed to open stream: No such file or directory in /home/canvasdev/public_html/canvasrequest/vendor/composer/autoload_real.php:66
Stack trace:
#0 /home/canvasdev/public_html/canvasrequest/vendor/composer/autoload_real.php(66): Composer\Util\ErrorHandler::handle(2, 'require(/home/c...', '/home/canvasdev...', 66, Array)
#1 /home/canvasdev/public_html/canvasrequest/vendor/composer/autoload_real.php(66): require()
#2 /home/canvasdev/public_html/canvasrequest/vendor/composer/autoload_real.php(56): composerRequire675f276e7c530cac938dc780d644239e('801c31d8ed748cf...', '/home/canvasdev...')
#3 /home/canvasdev/public_html/canvasrequest/vendor/autoload.php(7): ComposerAutoloaderInit675f276e7c530cac938dc780d644239e::getLoader()
#4 /home/canvasdev/public_html/canvasrequest/vendor/laravel/framework/src/Illuminate/Foundation/ComposerScripts.php(43): require_once('/home/canvasdev...')
#5 phar:///usr/l in /home/canvasdev/public_html/canvasrequest/vendor/composer/autoload_real.php on line 66
[04-Feb-2019 17:33:26 UTC] PHP Fatal error:  composerRequire675f276e7c530cac938dc780d644239e(): Failed opening required '/home/canvasdev/public_html/canvasrequest/vendor/composer/../psy/psysh/src/functions.php' (include_path='.:/opt/cpanel/ea-php72/root/usr/share/pear') in /home/canvasdev/public_html/canvasrequest/vendor/composer/autoload_real.php on line 66
[04-Feb-2019 18:04:27 UTC] PHP Warning:  Uncaught ErrorException: require(/home/canvasdev/public_html/canvasrequest/vendor/composer/../psy/psysh/src/functions.php): failed to open stream: No such file or directory in /home/canvasdev/public_html/canvasrequest/vendor/composer/autoload_real.php:66
Stack trace:
#0 /home/canvasdev/public_html/canvasrequest/vendor/composer/autoload_real.php(66): Composer\Util\ErrorHandler::handle(2, 'require(/home/c...', '/home/canvasdev...', 66, Array)
#1 /home/canvasdev/public_html/canvasrequest/vendor/composer/autoload_real.php(66): require()
#2 /home/canvasdev/public_html/canvasrequest/vendor/composer/autoload_real.php(56): composerRequire675f276e7c530cac938dc780d644239e('801c31d8ed748cf...', '/home/canvasdev...')
#3 /home/canvasdev/public_html/canvasrequest/vendor/autoload.php(7): ComposerAutoloaderInit675f276e7c530cac938dc780d644239e::getLoader()
#4 /home/canvasdev/public_html/canvasrequest/vendor/laravel/framework/src/Illuminate/Foundation/ComposerScripts.php(43): require_once('/home/canvasdev...')
#5 phar:///usr/l in /home/canvasdev/public_html/canvasrequest/vendor/composer/autoload_real.php on line 66
[04-Feb-2019 18:04:27 UTC] PHP Fatal error:  composerRequire675f276e7c530cac938dc780d644239e(): Failed opening required '/home/canvasdev/public_html/canvasrequest/vendor/composer/../psy/psysh/src/functions.php' (include_path='.:/opt/cpanel/ea-php72/root/usr/share/pear') in /home/canvasdev/public_html/canvasrequest/vendor/composer/autoload_real.php on line 66
[04-Feb-2019 18:06:08 UTC] PHP Warning:  Uncaught ErrorException: require(/home/canvasdev/public_html/canvasrequest/vendor/composer/../psy/psysh/src/functions.php): failed to open stream: No such file or directory in /home/canvasdev/public_html/canvasrequest/vendor/composer/autoload_real.php:66
Stack trace:
#0 /home/canvasdev/public_html/canvasrequest/vendor/composer/autoload_real.php(66): Composer\Util\ErrorHandler::handle(2, 'require(/home/c...', '/home/canvasdev...', 66, Array)
#1 /home/canvasdev/public_html/canvasrequest/vendor/composer/autoload_real.php(66): require()
#2 /home/canvasdev/public_html/canvasrequest/vendor/composer/autoload_real.php(56): composerRequire675f276e7c530cac938dc780d644239e('801c31d8ed748cf...', '/home/canvasdev...')
#3 /home/canvasdev/public_html/canvasrequest/vendor/autoload.php(7): ComposerAutoloaderInit675f276e7c530cac938dc780d644239e::getLoader()
#4 /home/canvasdev/public_html/canvasrequest/vendor/laravel/framework/src/Illuminate/Foundation/ComposerScripts.php(43): require_once('/home/canvasdev...')
#5 phar:///usr/l in /home/canvasdev/public_html/canvasrequest/vendor/composer/autoload_real.php on line 66
[04-Feb-2019 18:06:08 UTC] PHP Fatal error:  composerRequire675f276e7c530cac938dc780d644239e(): Failed opening required '/home/canvasdev/public_html/canvasrequest/vendor/composer/../psy/psysh/src/functions.php' (include_path='.:/opt/cpanel/ea-php72/root/usr/share/pear') in /home/canvasdev/public_html/canvasrequest/vendor/composer/autoload_real.php on line 66
[04-Feb-2019 18:06:27 UTC] PHP Warning:  Uncaught ErrorException: require(/home/canvasdev/public_html/canvasrequest/vendor/composer/../psy/psysh/src/functions.php): failed to open stream: No such file or directory in /home/canvasdev/public_html/canvasrequest/vendor/composer/autoload_real.php:66
Stack trace:
#0 /home/canvasdev/public_html/canvasrequest/vendor/composer/autoload_real.php(66): Composer\Util\ErrorHandler::handle(2, 'require(/home/c...', '/home/canvasdev...', 66, Array)
#1 /home/canvasdev/public_html/canvasrequest/vendor/composer/autoload_real.php(66): require()
#2 /home/canvasdev/public_html/canvasrequest/vendor/composer/autoload_real.php(56): composerRequire675f276e7c530cac938dc780d644239e('801c31d8ed748cf...', '/home/canvasdev...')
#3 /home/canvasdev/public_html/canvasrequest/vendor/autoload.php(7): ComposerAutoloaderInit675f276e7c530cac938dc780d644239e::getLoader()
#4 /home/canvasdev/public_html/canvasrequest/vendor/laravel/framework/src/Illuminate/Foundation/ComposerScripts.php(43): require_once('/home/canvasdev...')
#5 phar:///usr/l in /home/canvasdev/public_html/canvasrequest/vendor/composer/autoload_real.php on line 66
[04-Feb-2019 18:06:27 UTC] PHP Fatal error:  composerRequire675f276e7c530cac938dc780d644239e(): Failed opening required '/home/canvasdev/public_html/canvasrequest/vendor/composer/../psy/psysh/src/functions.php' (include_path='.:/opt/cpanel/ea-php72/root/usr/share/pear') in /home/canvasdev/public_html/canvasrequest/vendor/composer/autoload_real.php on line 66
[04-Feb-2019 18:06:41 UTC] PHP Warning:  Uncaught ErrorException: require(/home/canvasdev/public_html/canvasrequest/vendor/composer/../psy/psysh/src/functions.php): failed to open stream: No such file or directory in /home/canvasdev/public_html/canvasrequest/vendor/composer/autoload_real.php:66
Stack trace:
#0 /home/canvasdev/public_html/canvasrequest/vendor/composer/autoload_real.php(66): Composer\Util\ErrorHandler::handle(2, 'require(/home/c...', '/home/canvasdev...', 66, Array)
#1 /home/canvasdev/public_html/canvasrequest/vendor/composer/autoload_real.php(66): require()
#2 /home/canvasdev/public_html/canvasrequest/vendor/composer/autoload_real.php(56): composerRequire675f276e7c530cac938dc780d644239e('801c31d8ed748cf...', '/home/canvasdev...')
#3 /home/canvasdev/public_html/canvasrequest/vendor/autoload.php(7): ComposerAutoloaderInit675f276e7c530cac938dc780d644239e::getLoader()
#4 /home/canvasdev/public_html/canvasrequest/vendor/laravel/framework/src/Illuminate/Foundation/ComposerScripts.php(43): require_once('/home/canvasdev...')
#5 phar:///usr/l in /home/canvasdev/public_html/canvasrequest/vendor/composer/autoload_real.php on line 66
[04-Feb-2019 18:06:41 UTC] PHP Fatal error:  composerRequire675f276e7c530cac938dc780d644239e(): Failed opening required '/home/canvasdev/public_html/canvasrequest/vendor/composer/../psy/psysh/src/functions.php' (include_path='.:/opt/cpanel/ea-php72/root/usr/share/pear') in /home/canvasdev/public_html/canvasrequest/vendor/composer/autoload_real.php on line 66
[04-Feb-2019 18:13:26 UTC] PHP Warning:  Uncaught ErrorException: require(/home/canvasdev/public_html/canvasrequest/vendor/composer/../psy/psysh/src/functions.php): failed to open stream: No such file or directory in /home/canvasdev/public_html/canvasrequest/vendor/composer/autoload_real.php:66
Stack trace:
#0 /home/canvasdev/public_html/canvasrequest/vendor/composer/autoload_real.php(66): Composer\Util\ErrorHandler::handle(2, 'require(/home/c...', '/home/canvasdev...', 66, Array)
#1 /home/canvasdev/public_html/canvasrequest/vendor/composer/autoload_real.php(66): require()
#2 /home/canvasdev/public_html/canvasrequest/vendor/composer/autoload_real.php(56): composerRequire675f276e7c530cac938dc780d644239e('801c31d8ed748cf...', '/home/canvasdev...')
#3 /home/canvasdev/public_html/canvasrequest/vendor/autoload.php(7): ComposerAutoloaderInit675f276e7c530cac938dc780d644239e::getLoader()
#4 /home/canvasdev/public_html/canvasrequest/vendor/laravel/framework/src/Illuminate/Foundation/ComposerScripts.php(43): require_once('/home/canvasdev...')
#5 phar:///usr/l in /home/canvasdev/public_html/canvasrequest/vendor/composer/autoload_real.php on line 66
[04-Feb-2019 18:13:26 UTC] PHP Fatal error:  composerRequire675f276e7c530cac938dc780d644239e(): Failed opening required '/home/canvasdev/public_html/canvasrequest/vendor/composer/../psy/psysh/src/functions.php' (include_path='.:/opt/cpanel/ea-php72/root/usr/share/pear') in /home/canvasdev/public_html/canvasrequest/vendor/composer/autoload_real.php on line 66
[04-Feb-2019 18:14:54 UTC] PHP Warning:  require(/home/canvasdev/public_html/canvasrequest/vendor/composer/../psy/psysh/src/functions.php): failed to open stream: No such file or directory in /home/canvasdev/public_html/canvasrequest/vendor/composer/autoload_real.php on line 66
[04-Feb-2019 18:14:54 UTC] PHP Fatal error:  require(): Failed opening required '/home/canvasdev/public_html/canvasrequest/vendor/composer/../psy/psysh/src/functions.php' (include_path='.:/opt/cpanel/ea-php72/root/usr/share/pear') in /home/canvasdev/public_html/canvasrequest/vendor/composer/autoload_real.php on line 66
[04-Feb-2019 18:16:45 UTC] PHP Warning:  require(/home/canvasdev/public_html/canvasrequest/vendor/composer/../psy/psysh/src/functions.php): failed to open stream: No such file or directory in /home/canvasdev/public_html/canvasrequest/vendor/composer/autoload_real.php on line 66
[04-Feb-2019 18:16:45 UTC] PHP Fatal error:  require(): Failed opening required '/home/canvasdev/public_html/canvasrequest/vendor/composer/../psy/psysh/src/functions.php' (include_path='.:/opt/cpanel/ea-php72/root/usr/share/pear') in /home/canvasdev/public_html/canvasrequest/vendor/composer/autoload_real.php on line 66
[05-Feb-2019 15:22:30 UTC] PHP Fatal error:  Out of memory (allocated 260780032) (tried to allocate 20480 bytes) in phar:///usr/local/bin/composer/src/Composer/Repository/ComposerRepository.php on line 592
[05-Feb-2019 15:22:30 UTC] PHP Fatal error:  Out of memory (allocated 260780032) (tried to allocate 20480 bytes) in phar:///usr/local/bin/composer/src/Composer/Console/Application.php on line 80
[05-Feb-2019 15:23:43 UTC] PHP Fatal error:  Cannot declare class CreateJobsTable, because the name is already in use in /home/canvasdev/public_html/canvasrequest/database/migrations/2018_09_05_171733_create_jobs_table.php on line 37
[05-Feb-2019 15:29:23 UTC] PHP Fatal error:  Cannot declare class CreateJobsTable, because the name is already in use in /home/canvasdev/public_html/canvasrequest/database/migrations/2018_09_05_171733_create_jobs_table.php on line 37
[29-Apr-2019 14:52:31 UTC] PHP Deprecated:  Methods with the same name as their class will not be constructors in a future version of PHP; Log has a deprecated constructor in /home/canvasdev/public_html/canvasrequest/_ide_helper.php on line 6023
[29-Apr-2019 14:52:31 UTC] PHP Fatal error:  Constructor Log::log() cannot be static in /home/canvasdev/public_html/canvasrequest/_ide_helper.php on line 6023
[08-May-2019 08:53:06 UTC] PHP Deprecated:  Methods with the same name as their class will not be constructors in a future version of PHP; Log has a deprecated constructor in /home/canvasdev/public_html/canvasrequest/_ide_helper.php on line 6023
[08-May-2019 08:53:06 UTC] PHP Fatal error:  Constructor Log::log() cannot be static in /home/canvasdev/public_html/canvasrequest/_ide_helper.php on line 6023
[10-May-2019 15:23:06 UTC] PHP Deprecated:  Methods with the same name as their class will not be constructors in a future version of PHP; Log has a deprecated constructor in /home/canvasdev/public_html/canvasrequest/_ide_helper.php on line 6023
[10-May-2019 15:23:06 UTC] PHP Fatal error:  Constructor Log::log() cannot be static in /home/canvasdev/public_html/canvasrequest/_ide_helper.php on line 6023
